<!DOCTYPE html PUBLIC "-//W3C//DTD XHTML 1.1//EN" "https://www.w3.org/TR/xhtml11/DTD/xhtml11.dtd">
<html xmlns="https://www.w3.org/1999/xhtml">
<head>
<meta http-equiv="content-type" content="text/html; charset=UTF-8"/>
<title>TestNG Report</title>
<style type="text/css">table {margin-bottom:10px;border-collapse:collapse;empty-cells:show}th,td {border:1px solid #009;padding:.25em .5em}th {vertical-align:bottom}td {vertical-align:top}table a {font-weight:bold}.stripe td {background-color: #E6EBF9}.num {text-align:right}.passedodd td {background-color: #3F3}.passedeven td {background-color: #0A0}.skippedodd td {background-color: #DDD}.skippedeven td {background-color: #CCC}.failedodd td,.attn {background-color: #F33}.failedeven td,.stripe .attn {background-color: #D00}.stacktrace {white-space:pre;font-family:monospace}.totop {font-size:85%;text-align:center;border-bottom:2px solid #000}.invisible {display:none}</style>
</head>
<body>
<table>
<tr><th>Test</th><th># Passed</th><th># Skipped</th><th># Retried</th><th># Failed</th><th>Time (ms)</th><th>Included Groups</th><th>Excluded Groups</th></tr>
<tr><th colspan="8">Suite</th></tr>
<tr><td><a href="#t0">Test</a></td><td class="num">16</td><td class="num">0</td><td class="num attn">2</td><td class="num">0</td><td class="num">52,307</td><td></td><td></td></tr>
</table>
<table id='summary'><thead><tr><th>Class</th><th>Method</th><th>Start</th><th>Time (ms)</th></tr></thead><tbody><tr><th colspan="4">Suite</th></tr></tbody><tbody id="t0"><tr><th colspan="4">Test &#8212; retried</th></tr><tr class="retriedeven"><td rowspan="2">com.Demo_Project.Scripts.PurchaseTest</td><td><a href="#m0">verifyPurchase</a></td><td rowspan="2">1689876551694</td><td rowspan="2">1299</td></tr><tr class="retriedeven"><td><a href="#m1">verifyPurchase</a></td></tr><tr><th colspan="4">Test &#8212; passed</th></tr><tr class="passedeven"><td rowspan="4">com.Demo_Project.Scripts.LoginTest</td><td><a href="#m2">verifySigninInvalidUserInvalidpass</a></td><td rowspan="1">1689876524265</td><td rowspan="1">2033</td></tr><tr class="passedeven"><td><a href="#m3">verifySigninInvalidUserValidpass</a></td><td rowspan="1">1689876526435</td><td rowspan="1">1566</td></tr><tr class="passedeven"><td><a href="#m4">verifySigninValidUserInvalidpass</a></td><td rowspan="1">1689876528126</td><td rowspan="1">1545</td></tr><tr class="passedeven"><td><a href="#m5">verifySigninValidUserValidpass</a></td><td rowspan="1">1689876529767</td><td rowspan="1">3292</td></tr><tr class="passedodd"><td rowspan="9">com.Demo_Project.Scripts.ProductsTest</td><td><a href="#m6">clickendTour</a></td><td rowspan="1">1689876533074</td><td rowspan="1">680</td></tr><tr class="passedodd"><td><a href="#m7">selectProductType</a></td><td rowspan="1">1689876536213</td><td rowspan="1">452</td></tr><tr class="passedodd"><td><a href="#m8">verifyAddDetails</a></td><td rowspan="1">1689876550328</td><td rowspan="1">455</td></tr><tr class="passedodd"><td><a href="#m9">verifyAddproduct</a></td><td rowspan="1">1689876539286</td><td rowspan="1">5032</td></tr><tr class="passedodd"><td><a href="#m10">verifyBrands</a></td><td rowspan="1">1689876547908</td><td rowspan="1">2415</td></tr><tr class="passedodd"><td><a href="#m11">verifyImageUpload</a></td><td rowspan="1">1689876544324</td><td rowspan="1">3579</td></tr><tr class="passedodd"><td><a href="#m12">verifyProducts</a></td><td rowspan="1">1689876533760</td><td rowspan="1">2448</td></tr><tr class="passedodd"><td><a href="#m13">verifySaveDetails</a></td><td rowspan="1">1689876550787</td><td rowspan="1">169</td></tr><tr class="passedodd"><td><a href="#m14">verifySearch</a></td><td rowspan="1">1689876536671</td><td rowspan="1">2607</td></tr><tr class="passedeven"><td rowspan="2">com.Demo_Project.Scripts.PurchaseTest</td><td><a href="#m15">verifyElementTable</a></td><td rowspan="1">1689876554968</td><td rowspan="1">665</td></tr><tr class="passedeven"><td><a href="#m16">verifyPurchase</a></td><td rowspan="1">1689876552999</td><td rowspan="1">1960</td></tr><tr class="passedodd"><td rowspan="1">com.Demo_Project.Scripts.SettingsTest</td><td><a href="#m17">verifyCheckSettings</a></td><td rowspan="1">1689876555638</td><td rowspan="1">2570</td></tr></tbody>
</table>
<h2>Test</h2><h3 id="m0">com.Demo_Project.Scripts.PurchaseTest#verifyPurchase</h3><table class="result"><tr><th>Exception</th></tr><tr><td><div class="stacktrace">org.openqa.selenium.ElementClickInterceptedException: element click intercepted: Element &lt;span&gt;...&lt;/span&gt; is not clickable at point (70, 276). Other element would receive the click: &lt;a href=&quot;https://qalegend.com/billing/public/purchases&quot;&gt;...&lt;/a&gt;
  (Session info: chrome=114.0.5735.199)
Build info: version: &apos;4.9.0&apos;, revision: &apos;d7057100a6&apos;
System info: os.name: &apos;Windows 11&apos;, os.arch: &apos;amd64&apos;, os.version: &apos;10.0&apos;, java.version: &apos;17.0.7&apos;
Driver info: org.openqa.selenium.chrome.ChromeDriver
Command: [d8fe446f1a11ae210efe1e00fc2ac803, clickElement {id=4718C786812FBAA6C3955536B73BDDC0_element_157}]
Capabilities {acceptInsecureCerts: false, browserName: chrome, browserVersion: 114.0.5735.199, chrome: {chromedriverVersion: 114.0.5735.90 (386bc09e8f4f..., userDataDir: C:\Users\AJIABR~1\AppData\L...}, goog:chromeOptions: {debuggerAddress: localhost:54500}, networkConnectionEnabled: false, pageLoadStrategy: normal, platformName: WINDOWS, proxy: Proxy(), se:cdp: ws://localhost:54500/devtoo..., se:cdpVersion: 114.0.5735.199, setWindowRect: true, strictFileInteractability: false, timeouts: {implicit: 0, pageLoad: 300000, script: 30000}, unhandledPromptBehavior: dismiss and notify, webauthn:extension:credBlob: true, webauthn:extension:largeBlob: true, webauthn:extension:minPinLength: true, webauthn:extension:prf: true, webauthn:virtualAuthenticators: true}
Element: [[ChromeDriver: chrome on WINDOWS (d8fe446f1a11ae210efe1e00fc2ac803)] -&gt; xpath: //span[text()=&apos;Purchases&apos;]]
Session ID: d8fe446f1a11ae210efe1e00fc2ac803
	at org.openqa.selenium.remote.codec.w3c.W3CHttpResponseCodec.createException(W3CHttpResponseCodec.java:200)
	at org.openqa.selenium.remote.codec.w3c.W3CHttpResponseCodec.decode(W3CHttpResponseCodec.java:133)
	at org.openqa.selenium.remote.codec.w3c.W3CHttpResponseCodec.decode(W3CHttpResponseCodec.java:53)
	at org.openqa.selenium.remote.HttpCommandExecutor.execute(HttpCommandExecutor.java:193)
	at org.openqa.selenium.remote.service.DriverCommandExecutor.invokeExecute(DriverCommandExecutor.java:183)
	at org.openqa.selenium.remote.service.DriverCommandExecutor.execute(DriverCommandExecutor.java:158)
	at org.openqa.selenium.remote.RemoteWebDriver.execute(RemoteWebDriver.java:543)
	at org.openqa.selenium.remote.RemoteWebElement.execute(RemoteWebElement.java:257)
	at org.openqa.selenium.remote.RemoteWebElement.click(RemoteWebElement.java:78)
	at org.openqa.selenium.support.pagefactory.internal.LocatingElementHandler.invoke(LocatingElementHandler.java:52)
	at jdk.proxy2/jdk.proxy2.$Proxy20.click(Unknown Source)
	at com.Demo_Project.Utilities.PageUtilities.clickOnElement(PageUtilities.java:49)
	at com.Demo_Project.Pages.PurchasePage.selectPurchase(PurchasePage.java:45)
	at com.Demo_Project.Scripts.PurchaseTest.verifyPurchase(PurchaseTest.java:16)
	at java.base/java.util.ArrayList.forEach(ArrayList.java:1511)
... Removed 36 stack frames</div></td></tr></table><p class="totop"><a href="#summary">back to summary</a></p>
<h3 id="m1">com.Demo_Project.Scripts.PurchaseTest#verifyPurchase</h3><table class="result"><tr><th>Exception</th></tr><tr><td><div class="stacktrace">org.openqa.selenium.ElementNotInteractableException: element not interactable
  (Session info: chrome=114.0.5735.199)
Build info: version: &apos;4.9.0&apos;, revision: &apos;d7057100a6&apos;
System info: os.name: &apos;Windows 11&apos;, os.arch: &apos;amd64&apos;, os.version: &apos;10.0&apos;, java.version: &apos;17.0.7&apos;
Driver info: org.openqa.selenium.chrome.ChromeDriver
Command: [d8fe446f1a11ae210efe1e00fc2ac803, clickElement {id=4718C786812FBAA6C3955536B73BDDC0_element_161}]
Capabilities {acceptInsecureCerts: false, browserName: chrome, browserVersion: 114.0.5735.199, chrome: {chromedriverVersion: 114.0.5735.90 (386bc09e8f4f..., userDataDir: C:\Users\AJIABR~1\AppData\L...}, goog:chromeOptions: {debuggerAddress: localhost:54500}, networkConnectionEnabled: false, pageLoadStrategy: normal, platformName: WINDOWS, proxy: Proxy(), se:cdp: ws://localhost:54500/devtoo..., se:cdpVersion: 114.0.5735.199, setWindowRect: true, strictFileInteractability: false, timeouts: {implicit: 0, pageLoad: 300000, script: 30000}, unhandledPromptBehavior: dismiss and notify, webauthn:extension:credBlob: true, webauthn:extension:largeBlob: true, webauthn:extension:minPinLength: true, webauthn:extension:prf: true, webauthn:virtualAuthenticators: true}
Element: [[ChromeDriver: chrome on WINDOWS (d8fe446f1a11ae210efe1e00fc2ac803)] -&gt; xpath: //a[text()=&apos; List Purchase Return&apos;]]
Session ID: d8fe446f1a11ae210efe1e00fc2ac803
	at org.openqa.selenium.remote.codec.w3c.W3CHttpResponseCodec.createException(W3CHttpResponseCodec.java:200)
	at org.openqa.selenium.remote.codec.w3c.W3CHttpResponseCodec.decode(W3CHttpResponseCodec.java:133)
	at org.openqa.selenium.remote.codec.w3c.W3CHttpResponseCodec.decode(W3CHttpResponseCodec.java:53)
	at org.openqa.selenium.remote.HttpCommandExecutor.execute(HttpCommandExecutor.java:193)
	at org.openqa.selenium.remote.service.DriverCommandExecutor.invokeExecute(DriverCommandExecutor.java:183)
	at org.openqa.selenium.remote.service.DriverCommandExecutor.execute(DriverCommandExecutor.java:158)
	at org.openqa.selenium.remote.RemoteWebDriver.execute(RemoteWebDriver.java:543)
	at org.openqa.selenium.remote.RemoteWebElement.execute(RemoteWebElement.java:257)
	at org.openqa.selenium.remote.RemoteWebElement.click(RemoteWebElement.java:78)
	at org.openqa.selenium.support.pagefactory.internal.LocatingElementHandler.invoke(LocatingElementHandler.java:52)
	at jdk.proxy2/jdk.proxy2.$Proxy20.click(Unknown Source)
	at com.Demo_Project.Utilities.PageUtilities.clickOnElement(PageUtilities.java:49)
	at com.Demo_Project.Pages.PurchasePage.selectPurchase(PurchasePage.java:47)
	at com.Demo_Project.Scripts.PurchaseTest.verifyPurchase(PurchaseTest.java:16)
	at java.base/java.util.ArrayList.forEach(ArrayList.java:1511)
... Removed 36 stack frames</div></td></tr></table><p class="totop"><a href="#summary">back to summary</a></p>
<h3 id="m2">com.Demo_Project.Scripts.LoginTest#verifySigninInvalidUserInvalidpass</h3><table class="result"><tr class="param"><th>Parameter #1</th><th>Parameter #2</th></tr><tr class="param stripe"><td>ajiabraham</td><td>123456</td></tr></table><p class="totop"><a href="#summary">back to summary</a></p>
<h3 id="m3">com.Demo_Project.Scripts.LoginTest#verifySigninInvalidUserValidpass</h3><table class="result"><tr class="param"><th>Parameter #1</th><th>Parameter #2</th></tr><tr class="param stripe"><td>secondoption</td><td>123123</td></tr></table><p class="totop"><a href="#summary">back to summary</a></p>
<h3 id="m4">com.Demo_Project.Scripts.LoginTest#verifySigninValidUserInvalidpass</h3><table class="result"><tr class="param"><th>Parameter #1</th><th>Parameter #2</th></tr><tr class="param stripe"><td>admin</td><td>963852</td></tr></table><p class="totop"><a href="#summary">back to summary</a></p>
<h3 id="m5">com.Demo_Project.Scripts.LoginTest#verifySigninValidUserValidpass</h3><table class="result"><tr class="param"><th>Parameter #1</th><th>Parameter #2</th></tr><tr class="param stripe"><td>admin</td><td>123123</td></tr></table><p class="totop"><a href="#summary">back to summary</a></p>
<h3 id="m6">com.Demo_Project.Scripts.ProductsTest#clickendTour</h3><table class="result"><tr><th class="invisible"/></tr></table><p class="totop"><a href="#summary">back to summary</a></p>
<h3 id="m7">com.Demo_Project.Scripts.ProductsTest#selectProductType</h3><table class="result"><tr><th class="invisible"/></tr></table><p class="totop"><a href="#summary">back to summary</a></p>
<h3 id="m8">com.Demo_Project.Scripts.ProductsTest#verifyAddDetails</h3><table class="result"><tr><th class="invisible"/></tr></table><p class="totop"><a href="#summary">back to summary</a></p>
<h3 id="m9">com.Demo_Project.Scripts.ProductsTest#verifyAddproduct</h3><table class="result"><tr><th class="invisible"/></tr></table><p class="totop"><a href="#summary">back to summary</a></p>
<h3 id="m10">com.Demo_Project.Scripts.ProductsTest#verifyBrands</h3><table class="result"><tr><th class="invisible"/></tr></table><p class="totop"><a href="#summary">back to summary</a></p>
<h3 id="m11">com.Demo_Project.Scripts.ProductsTest#verifyImageUpload</h3><table class="result"><tr><th class="invisible"/></tr></table><p class="totop"><a href="#summary">back to summary</a></p>
<h3 id="m12">com.Demo_Project.Scripts.ProductsTest#verifyProducts</h3><table class="result"><tr><th class="invisible"/></tr></table><p class="totop"><a href="#summary">back to summary</a></p>
<h3 id="m13">com.Demo_Project.Scripts.ProductsTest#verifySaveDetails</h3><table class="result"><tr><th class="invisible"/></tr></table><p class="totop"><a href="#summary">back to summary</a></p>
<h3 id="m14">com.Demo_Project.Scripts.ProductsTest#verifySearch</h3><table class="result"><tr><th class="invisible"/></tr></table><p class="totop"><a href="#summary">back to summary</a></p>
<h3 id="m15">com.Demo_Project.Scripts.PurchaseTest#verifyElementTable</h3><table class="result"><tr><th class="invisible"/></tr></table><p class="totop"><a href="#summary">back to summary</a></p>
<h3 id="m16">com.Demo_Project.Scripts.PurchaseTest#verifyPurchase</h3><table class="result"><tr><th class="invisible"/></tr></table><p class="totop"><a href="#summary">back to summary</a></p>
<h3 id="m17">com.Demo_Project.Scripts.SettingsTest#verifyCheckSettings</h3><table class="result"><tr><th class="invisible"/></tr></table><p class="totop"><a href="#summary">back to summary</a></p>
</body>
</html>
